<?xml version="1.0" encoding="utf-8"?><testsuites><testsuite errors="0" failures="0" hostname="DESKTOP-IK8A0U8" name="pytest" skipped="0" tests="15" time="0.921" timestamp="2020-12-01T20:02:01.344095"><testcase classname="tests.test_flaskr" name="test_register" time="0.064" /><testcase classname="tests.test_flaskr" name="test_logout" time="0.053" /><testcase classname="tests.test_flaskr" name="test_getEmployees" time="0.053" /><testcase classname="tests.test_flaskr" name="test_getAllThreats" time="0.079" /><testcase classname="tests.test_flaskr" name="test_getContainedThreats" time="0.070" /><testcase classname="tests.test_flaskr" name="test_getActiveThreats" time="0.063" /><testcase classname="tests.test_flaskr" name="test_getFalseThreats" time="0.067" /><testcase classname="tests.test_flaskr" name="test_login" time="0.051" /><testcase classname="tests.test_flaskr" name="test_numContainedThreats" time="0.054" /><testcase classname="tests.test_flaskr" name="test_numActiveThreatsThreats" time="0.053" /><testcase classname="tests.test_flaskr" name="test_numFalseThreatsThreats" time="0.052" /><testcase classname="tests.test_flaskr" name="test_numTotalThreats" time="0.052" /><testcase classname="tests.test_flaskr" name="test_numThreatsByDate" time="0.052" /><testcase classname="tests.test_flaskr" name="test_securityRating" time="0.052" /><testcase classname="tests.test_flaskr" name="test_truePositiveRate" time="0.054" /></testsuite></testsuites>